src/helper/paymentHelper.ts(44,38): error TS2769: No overload matches this call.
  Overload 1 of 2, '(arg: PrismaPromise<any>[], options?: { isolationLevel?: TransactionIsolationLevel | undefined; } | undefined): Promise<any[]>', gave the following error.
    Argument of type '(tx: Prisma.TransactionClient) => Promise<{ authorizationUrl: any; reference: any; }>' is not assignable to parameter of type 'PrismaPromise<any>[]'.
  Overload 2 of 2, '(fn: (client: Omit<DynamicClientExtensionThis<TypeMap<InternalArgs & { result: {}; model: { $allModels: { aggregate: () => <T, A>(this: T, args: Exact<A, Args<T, "aggregate"> & PrismaCacheStrategy>) => AcceleratePromise<...>; ... 6 more ...; groupBy: () => <T_7, A_7>(this: T_7, args: Exact<...>) => AcceleratePromise<...>; }; ... 19 more ...; serviceBooking: { ...; }; }; query: {}; client: { ...; }; }, PrismaClientOptions>, TypeMapCb, { ...; }, {}>, "$extends" | ... 4 more ... | "$use">) => Promise<...>, options?: { ...; } | undefined): Promise<...>', gave the following error.
    Argument of type '(tx: Prisma.TransactionClient) => Promise<{ authorizationUrl: any; reference: any; }>' is not assignable to parameter of type '(client: Omit<DynamicClientExtensionThis<TypeMap<InternalArgs & { result: {}; model: { $allModels: { aggregate: () => <T, A>(this: T, args: Exact<A, Args<T, "aggregate"> & PrismaCacheStrategy>) => AcceleratePromise<...>; ... 6 more ...; groupBy: () => <T_7, A_7>(this: T_7, args: Exact<...>) => AcceleratePromise<...>...'.
      Types of parameters 'tx' and 'client' are incompatible.
        Type 'Omit<DynamicClientExtensionThis<TypeMap<InternalArgs & { result: {}; model: { $allModels: { aggregate: () => <T, A>(this: T, args: Exact<A, Args<T, "aggregate"> & PrismaCacheStrategy>) => AcceleratePromise<...>; ... 6 more ...; groupBy: () => <T_7, A_7>(this: T_7, args: Exact<...>) => AcceleratePromise<...>; }; ... ...' is not assignable to type 'TransactionClient'.
          The types of 'user.findUnique' are incompatible between these types.
            Type '<T_5, A_5>(this: T_5, args: Exact<A_5, Args<T_5, "findUnique"> & PrismaCacheStrategy>) => AcceleratePromise<Result<T_5, A_5, "findUnique"> | null>' is not assignable to type '<T extends UserFindUniqueArgs>(args: SelectSubset<T, UserFindUniqueArgs<DefaultArgs>>) => Prisma__UserClient<GetFindResult<$UserPayload<DefaultArgs>, T, {}> | null, null, DefaultArgs>'.
              Types of parameters 'args' and 'args' are incompatible.
                Type 'SelectSubset<T, UserFindUniqueArgs<DefaultArgs>>' is not assignable to type 'Exact<T, any>'.
                  Type 'SelectSubset<T, UserFindUniqueArgs<DefaultArgs>>' is not assignable to type 'T extends Narrowable ? T : never'.
src/helper/paymentHelper.ts(159,46): error TS2769: No overload matches this call.
  Overload 1 of 2, '(arg: PrismaPromise<any>[], options?: { isolationLevel?: TransactionIsolationLevel | undefined; } | undefined): Promise<any[]>', gave the following error.
    Argument of type '(tx: Prisma.TransactionClient) => Promise<{ payment: { id: string; createdAt: Date; updatedAt: Date; deletedAt: Date | null; status: $Enums.PaymentStatus | null; ... 8 more ...; residentProfileId: string | null; }; }>' is not assignable to parameter of type 'PrismaPromise<any>[]'.
  Overload 2 of 2, '(fn: (client: Omit<DynamicClientExtensionThis<TypeMap<InternalArgs & { result: {}; model: { $allModels: { aggregate: () => <T, A>(this: T, args: Exact<A, Args<T, "aggregate"> & PrismaCacheStrategy>) => AcceleratePromise<...>; ... 6 more ...; groupBy: () => <T_7, A_7>(this: T_7, args: Exact<...>) => AcceleratePromise<...>; }; ... 19 more ...; serviceBooking: { ...; }; }; query: {}; client: { ...; }; }, PrismaClientOptions>, TypeMapCb, { ...; }, {}>, "$extends" | ... 4 more ... | "$use">) => Promise<...>, options?: { ...; } | undefined): Promise<...>', gave the following error.
    Argument of type '(tx: Prisma.TransactionClient) => Promise<{ payment: { id: string; createdAt: Date; updatedAt: Date; deletedAt: Date | null; status: $Enums.PaymentStatus | null; ... 8 more ...; residentProfileId: string | null; }; }>' is not assignable to parameter of type '(client: Omit<DynamicClientExtensionThis<TypeMap<InternalArgs & { result: {}; model: { $allModels: { aggregate: () => <T, A>(this: T, args: Exact<A, Args<T, "aggregate"> & PrismaCacheStrategy>) => AcceleratePromise<...>; ... 6 more ...; groupBy: () => <T_7, A_7>(this: T_7, args: Exact<...>) => AcceleratePromise<...>...'.
      Types of parameters 'tx' and 'client' are incompatible.
        Type 'Omit<DynamicClientExtensionThis<TypeMap<InternalArgs & { result: {}; model: { $allModels: { aggregate: () => <T, A>(this: T, args: Exact<A, Args<T, "aggregate"> & PrismaCacheStrategy>) => AcceleratePromise<...>; ... 6 more ...; groupBy: () => <T_7, A_7>(this: T_7, args: Exact<...>) => AcceleratePromise<...>; }; ... ...' is not assignable to type 'TransactionClient'.
          The types of 'user.findUnique' are incompatible between these types.
            Type '<T_5, A_5>(this: T_5, args: Exact<A_5, Args<T_5, "findUnique"> & PrismaCacheStrategy>) => AcceleratePromise<Result<T_5, A_5, "findUnique"> | null>' is not assignable to type '<T extends UserFindUniqueArgs>(args: SelectSubset<T, UserFindUniqueArgs<DefaultArgs>>) => Prisma__UserClient<GetFindResult<$UserPayload<DefaultArgs>, T, {}> | null, null, DefaultArgs>'.
              Types of parameters 'args' and 'args' are incompatible.
                Type 'SelectSubset<T, UserFindUniqueArgs<DefaultArgs>>' is not assignable to type 'Exact<T, any>'.
                  Type 'SelectSubset<T, UserFindUniqueArgs<DefaultArgs>>' is not assignable to type 'T extends Narrowable ? T : never'.
src/helper/paymentHelper.ts(226,5): error TS2322: Type 'any[]' is not assignable to type '{ payment: PaymentRecord; } | { message: string; }'.
src/helper/paymentHelper.ts(239,5): error TS2322: Type 'any[]' is not assignable to type 'string'.
src/helper/paymentHelper.ts(239,38): error TS2769: No overload matches this call.
  Overload 1 of 2, '(arg: PrismaPromise<any>[], options?: { isolationLevel?: TransactionIsolationLevel | undefined; } | undefined): Promise<any[]>', gave the following error.
    Argument of type '(tx: Prisma.TransactionClient) => Promise<any>' is not assignable to parameter of type 'PrismaPromise<any>[]'.
  Overload 2 of 2, '(fn: (client: Omit<DynamicClientExtensionThis<TypeMap<InternalArgs & { result: {}; model: { $allModels: { aggregate: () => <T, A>(this: T, args: Exact<A, Args<T, "aggregate"> & PrismaCacheStrategy>) => AcceleratePromise<...>; ... 6 more ...; groupBy: () => <T_7, A_7>(this: T_7, args: Exact<...>) => AcceleratePromise<...>; }; ... 19 more ...; serviceBooking: { ...; }; }; query: {}; client: { ...; }; }, PrismaClientOptions>, TypeMapCb, { ...; }, {}>, "$extends" | ... 4 more ... | "$use">) => Promise<...>, options?: { ...; } | undefined): Promise<...>', gave the following error.
    Argument of type '(tx: Prisma.TransactionClient) => Promise<any>' is not assignable to parameter of type '(client: Omit<DynamicClientExtensionThis<TypeMap<InternalArgs & { result: {}; model: { $allModels: { aggregate: () => <T, A>(this: T, args: Exact<A, Args<T, "aggregate"> & PrismaCacheStrategy>) => AcceleratePromise<...>; ... 6 more ...; groupBy: () => <T_7, A_7>(this: T_7, args: Exact<...>) => AcceleratePromise<...>...'.
      Types of parameters 'tx' and 'client' are incompatible.
        Type 'Omit<DynamicClientExtensionThis<TypeMap<InternalArgs & { result: {}; model: { $allModels: { aggregate: () => <T, A>(this: T, args: Exact<A, Args<T, "aggregate"> & PrismaCacheStrategy>) => AcceleratePromise<...>; ... 6 more ...; groupBy: () => <T_7, A_7>(this: T_7, args: Exact<...>) => AcceleratePromise<...>; }; ... ...' is not assignable to type 'TransactionClient'.
          The types of 'user.findUnique' are incompatible between these types.
            Type '<T_5, A_5>(this: T_5, args: Exact<A_5, Args<T_5, "findUnique"> & PrismaCacheStrategy>) => AcceleratePromise<Result<T_5, A_5, "findUnique"> | null>' is not assignable to type '<T extends UserFindUniqueArgs>(args: SelectSubset<T, UserFindUniqueArgs<DefaultArgs>>) => Prisma__UserClient<GetFindResult<$UserPayload<DefaultArgs>, T, {}> | null, null, DefaultArgs>'.
              Types of parameters 'args' and 'args' are incompatible.
                Type 'SelectSubset<T, UserFindUniqueArgs<DefaultArgs>>' is not assignable to type 'Exact<T, any>'.
                  Type 'SelectSubset<T, UserFindUniqueArgs<DefaultArgs>>' is not assignable to type 'T extends Narrowable ? T : never'.
src/helper/paymentHelper.ts(368,46): error TS2769: No overload matches this call.
  Overload 1 of 2, '(arg: PrismaPromise<any>[], options?: { isolationLevel?: TransactionIsolationLevel | undefined; } | undefined): Promise<any[]>', gave the following error.
    Argument of type '(tx: Prisma.TransactionClient) => Promise<{ payment: { id: string; createdAt: Date; updatedAt: Date; deletedAt: Date | null; status: $Enums.PaymentStatus | null; ... 8 more ...; residentProfileId: string | null; }; }>' is not assignable to parameter of type 'PrismaPromise<any>[]'.
  Overload 2 of 2, '(fn: (client: Omit<DynamicClientExtensionThis<TypeMap<InternalArgs & { result: {}; model: { $allModels: { aggregate: () => <T, A>(this: T, args: Exact<A, Args<T, "aggregate"> & PrismaCacheStrategy>) => AcceleratePromise<...>; ... 6 more ...; groupBy: () => <T_7, A_7>(this: T_7, args: Exact<...>) => AcceleratePromise<...>; }; ... 19 more ...; serviceBooking: { ...; }; }; query: {}; client: { ...; }; }, PrismaClientOptions>, TypeMapCb, { ...; }, {}>, "$extends" | ... 4 more ... | "$use">) => Promise<...>, options?: { ...; } | undefined): Promise<...>', gave the following error.
    Argument of type '(tx: Prisma.TransactionClient) => Promise<{ payment: { id: string; createdAt: Date; updatedAt: Date; deletedAt: Date | null; status: $Enums.PaymentStatus | null; ... 8 more ...; residentProfileId: string | null; }; }>' is not assignable to parameter of type '(client: Omit<DynamicClientExtensionThis<TypeMap<InternalArgs & { result: {}; model: { $allModels: { aggregate: () => <T, A>(this: T, args: Exact<A, Args<T, "aggregate"> & PrismaCacheStrategy>) => AcceleratePromise<...>; ... 6 more ...; groupBy: () => <T_7, A_7>(this: T_7, args: Exact<...>) => AcceleratePromise<...>...'.
      Types of parameters 'tx' and 'client' are incompatible.
        Type 'Omit<DynamicClientExtensionThis<TypeMap<InternalArgs & { result: {}; model: { $allModels: { aggregate: () => <T, A>(this: T, args: Exact<A, Args<T, "aggregate"> & PrismaCacheStrategy>) => AcceleratePromise<...>; ... 6 more ...; groupBy: () => <T_7, A_7>(this: T_7, args: Exact<...>) => AcceleratePromise<...>; }; ... ...' is not assignable to type 'TransactionClient'.
          The types of 'user.findUnique' are incompatible between these types.
            Type '<T_5, A_5>(this: T_5, args: Exact<A_5, Args<T_5, "findUnique"> & PrismaCacheStrategy>) => AcceleratePromise<Result<T_5, A_5, "findUnique"> | null>' is not assignable to type '<T extends UserFindUniqueArgs>(args: SelectSubset<T, UserFindUniqueArgs<DefaultArgs>>) => Prisma__UserClient<GetFindResult<$UserPayload<DefaultArgs>, T, {}> | null, null, DefaultArgs>'.
              Types of parameters 'args' and 'args' are incompatible.
                Type 'SelectSubset<T, UserFindUniqueArgs<DefaultArgs>>' is not assignable to type 'Exact<T, any>'.
                  Type 'SelectSubset<T, UserFindUniqueArgs<DefaultArgs>>' is not assignable to type 'T extends Narrowable ? T : never'.
src/helper/paymentHelper.ts(405,5): error TS2322: Type 'any[]' is not assignable to type '{ payment: PaymentRecord; } | { message: string; }'.
src/helper/paymentHelper.ts(486,35): error TS2769: No overload matches this call.
  Overload 1 of 2, '(arg: PrismaPromise<any>[], options?: { isolationLevel?: TransactionIsolationLevel | undefined; } | undefined): Promise<any[]>', gave the following error.
    Argument of type '(tx: Prisma.TransactionClient) => Promise<void>' is not assignable to parameter of type 'PrismaPromise<any>[]'.
  Overload 2 of 2, '(fn: (client: Omit<DynamicClientExtensionThis<TypeMap<InternalArgs & { result: {}; model: { $allModels: { aggregate: () => <T, A>(this: T, args: Exact<A, Args<T, "aggregate"> & PrismaCacheStrategy>) => AcceleratePromise<...>; ... 6 more ...; groupBy: () => <T_7, A_7>(this: T_7, args: Exact<...>) => AcceleratePromise<...>; }; ... 19 more ...; serviceBooking: { ...; }; }; query: {}; client: { ...; }; }, PrismaClientOptions>, TypeMapCb, { ...; }, {}>, "$extends" | ... 4 more ... | "$use">) => Promise<...>, options?: { ...; } | undefined): Promise<...>', gave the following error.
    Argument of type '(tx: Prisma.TransactionClient) => Promise<void>' is not assignable to parameter of type '(client: Omit<DynamicClientExtensionThis<TypeMap<InternalArgs & { result: {}; model: { $allModels: { aggregate: () => <T, A>(this: T, args: Exact<A, Args<T, "aggregate"> & PrismaCacheStrategy>) => AcceleratePromise<...>; ... 6 more ...; groupBy: () => <T_7, A_7>(this: T_7, args: Exact<...>) => AcceleratePromise<...>...'.
      Types of parameters 'tx' and 'client' are incompatible.
        Type 'Omit<DynamicClientExtensionThis<TypeMap<InternalArgs & { result: {}; model: { $allModels: { aggregate: () => <T, A>(this: T, args: Exact<A, Args<T, "aggregate"> & PrismaCacheStrategy>) => AcceleratePromise<...>; ... 6 more ...; groupBy: () => <T_7, A_7>(this: T_7, args: Exact<...>) => AcceleratePromise<...>; }; ... ...' is not assignable to type 'TransactionClient'.
          The types of 'user.findUnique' are incompatible between these types.
            Type '<T_5, A_5>(this: T_5, args: Exact<A_5, Args<T_5, "findUnique"> & PrismaCacheStrategy>) => AcceleratePromise<Result<T_5, A_5, "findUnique"> | null>' is not assignable to type '<T extends UserFindUniqueArgs>(args: SelectSubset<T, UserFindUniqueArgs<DefaultArgs>>) => Prisma__UserClient<GetFindResult<$UserPayload<DefaultArgs>, T, {}> | null, null, DefaultArgs>'.
              Types of parameters 'args' and 'args' are incompatible.
                Type 'SelectSubset<T, UserFindUniqueArgs<DefaultArgs>>' is not assignable to type 'Exact<T, any>'.
                  Type 'SelectSubset<T, UserFindUniqueArgs<DefaultArgs>>' is not assignable to type 'T extends Narrowable ? T : never'.
